[ 2016-05-28T10:05:09+08:00 ] ::1 /StudentManagerCenter/index.php/Images/Student/logo.gif
INFO: [ app_init ] --START--
INFO: Run Behavior\BuildLiteBehavior [ RunTime:0.000019s ]
INFO: [ app_init ] --END-- [ RunTime:0.000474s ]

[ 2016-05-28T10:05:09+08:00 ] ::1 /StudentManagerCenter/index.php/Images/Student/logo.gif
INFO: [ app_init ] --START--
INFO: Run Behavior\BuildLiteBehavior [ RunTime:0.000012s ]
INFO: [ app_init ] --END-- [ RunTime:0.000352s ]

[ 2016-05-28T10:06:26+08:00 ] ::1 /StudentManagerCenter/index.php/Images/Student/logo.gif
INFO: [ app_init ] --START--
INFO: Run Behavior\BuildLiteBehavior [ RunTime:0.000012s ]
INFO: [ app_init ] --END-- [ RunTime:0.000321s ]

[ 2016-05-28T10:43:58+08:00 ] ::1 /StudentManagerCenter/Images/Student/logo.gif
INFO: [ app_init ] --START--
INFO: Run Behavior\BuildLiteBehavior [ RunTime:0.000016s ]
INFO: [ app_init ] --END-- [ RunTime:0.000465s ]

[ 2016-05-28T10:43:58+08:00 ] ::1 /StudentManagerCenter/Images/Student/logo.gif
INFO: [ app_init ] --START--
INFO: Run Behavior\BuildLiteBehavior [ RunTime:0.000016s ]
INFO: [ app_init ] --END-- [ RunTime:0.000558s ]

[ 2016-05-28T10:44:14+08:00 ] ::1 /StudentManagerCenter/Images/Student/logo.gif
INFO: [ app_init ] --START--
INFO: Run Behavior\BuildLiteBehavior [ RunTime:0.000026s ]
INFO: [ app_init ] --END-- [ RunTime:0.000489s ]

[ 2016-05-28T10:44:16+08:00 ] ::1 /StudentManagerCenter/Images/Student/logo.gif
INFO: [ app_init ] --START--
INFO: Run Behavior\BuildLiteBehavior [ RunTime:0.000018s ]
INFO: [ app_init ] --END-- [ RunTime:0.000537s ]

[ 2016-05-28T11:01:43+08:00 ] ::1 /StudentManagerCenter/index.php/Education/Images/Student/logo.gif
INFO: [ app_init ] --START--
INFO: Run Behavior\BuildLiteBehavior [ RunTime:0.000016s ]
INFO: [ app_init ] --END-- [ RunTime:0.000392s ]

[ 2016-05-28T11:01:43+08:00 ] ::1 /StudentManagerCenter/index.php/Education/Images/Student/logo.gif
INFO: [ app_init ] --START--
INFO: Run Behavior\BuildLiteBehavior [ RunTime:0.000019s ]
INFO: [ app_init ] --END-- [ RunTime:0.000476s ]

[ 2016-05-28T11:05:14+08:00 ] ::1 /StudentManagerCenter/index.php/Education/Images/Student/logo.gif
INFO: [ app_init ] --START--
INFO: Run Behavior\BuildLiteBehavior [ RunTime:0.000017s ]
INFO: [ app_init ] --END-- [ RunTime:0.000418s ]

[ 2016-05-28T11:05:14+08:00 ] ::1 /StudentManagerCenter/index.php/Education/Images/Student/logo.gif
INFO: [ app_init ] --START--
INFO: Run Behavior\BuildLiteBehavior [ RunTime:0.000020s ]
INFO: [ app_init ] --END-- [ RunTime:0.000455s ]

[ 2016-05-28T11:06:33+08:00 ] ::1 /StudentManagerCenter/index.php/Education/Images/Student/logo.gif
INFO: [ app_init ] --START--
INFO: Run Behavior\BuildLiteBehavior [ RunTime:0.000014s ]
INFO: [ app_init ] --END-- [ RunTime:0.000416s ]

[ 2016-05-28T11:06:33+08:00 ] ::1 /StudentManagerCenter/index.php/Education/Images/Student/logo.gif
INFO: [ app_init ] --START--
INFO: Run Behavior\BuildLiteBehavior [ RunTime:0.000019s ]
INFO: [ app_init ] --END-- [ RunTime:0.000508s ]

[ 2016-05-28T11:17:37+08:00 ] ::1 /StudentManagerCenter/index.php/Account/Images/Student/logo.gif
INFO: [ app_init ] --START--
INFO: Run Behavior\BuildLiteBehavior [ RunTime:0.000015s ]
INFO: [ app_init ] --END-- [ RunTime:0.000405s ]

[ 2016-05-28T11:17:37+08:00 ] ::1 /StudentManagerCenter/index.php/Account/Images/Student/logo.gif
INFO: [ app_init ] --START--
INFO: Run Behavior\BuildLiteBehavior [ RunTime:0.000020s ]
INFO: [ app_init ] --END-- [ RunTime:0.000514s ]

[ 2016-05-28T11:22:39+08:00 ] ::1 /StudentManagerCenter/index.php/Images/Student/logo.gif
INFO: [ app_init ] --START--
INFO: Run Behavior\BuildLiteBehavior [ RunTime:0.000019s ]
INFO: [ app_init ] --END-- [ RunTime:0.000484s ]

[ 2016-05-28T11:51:52+08:00 ] ::1 /StudentManagerCenter/Public/images/cloud.png
INFO: [ app_init ] --START--
INFO: Run Behavior\BuildLiteBehavior [ RunTime:0.000016s ]
INFO: [ app_init ] --END-- [ RunTime:0.000397s ]

[ 2016-05-28T11:51:52+08:00 ] ::1 /StudentManagerCenter/Public/images/logininfo.png
INFO: [ app_init ] --START--
INFO: Run Behavior\BuildLiteBehavior [ RunTime:0.000017s ]
INFO: [ app_init ] --END-- [ RunTime:0.000593s ]

[ 2016-05-28T11:51:52+08:00 ] ::1 /StudentManagerCenter/Public/images/loginbg1.png
INFO: [ app_init ] --START--
INFO: Run Behavior\BuildLiteBehavior [ RunTime:0.000020s ]
INFO: [ app_init ] --END-- [ RunTime:0.000591s ]

[ 2016-05-28T11:51:52+08:00 ] ::1 /StudentManagerCenter/Public/images/loginuser.png
INFO: [ app_init ] --START--
INFO: Run Behavior\BuildLiteBehavior [ RunTime:0.000017s ]
INFO: [ app_init ] --END-- [ RunTime:0.000416s ]

[ 2016-05-28T11:51:52+08:00 ] ::1 /StudentManagerCenter/Public/images/buttonbg.png
INFO: [ app_init ] --START--
INFO: Run Behavior\BuildLiteBehavior [ RunTime:0.000015s ]
INFO: [ app_init ] --END-- [ RunTime:0.000394s ]

[ 2016-05-28T11:51:52+08:00 ] ::1 /StudentManagerCenter/Public/images/loginpassword.png
INFO: [ app_init ] --START--
INFO: Run Behavior\BuildLiteBehavior [ RunTime:0.000017s ]
INFO: [ app_init ] --END-- [ RunTime:0.000411s ]

[ 2016-05-28T11:51:52+08:00 ] ::1 /StudentManagerCenter/Public/images/loginbg2.png
INFO: [ app_init ] --START--
INFO: Run Behavior\BuildLiteBehavior [ RunTime:0.000017s ]
INFO: [ app_init ] --END-- [ RunTime:0.000418s ]

[ 2016-05-28T11:51:52+08:00 ] ::1 /StudentManagerCenter/Public/images/loginsj.png
INFO: [ app_init ] --START--
INFO: Run Behavior\BuildLiteBehavior [ RunTime:0.000017s ]
INFO: [ app_init ] --END-- [ RunTime:0.000542s ]

[ 2016-05-28T11:51:52+08:00 ] ::1 /StudentManagerCenter/Public/images/loginbg3.png
INFO: [ app_init ] --START--
INFO: Run Behavior\BuildLiteBehavior [ RunTime:0.000018s ]
INFO: [ app_init ] --END-- [ RunTime:0.000478s ]

[ 2016-05-28T11:51:52+08:00 ] ::1 /StudentManagerCenter/Public/images/loginlogo.png
INFO: [ app_init ] --START--
INFO: Run Behavior\BuildLiteBehavior [ RunTime:0.000176s ]
INFO: [ app_init ] --END-- [ RunTime:0.001622s ]

[ 2016-05-28T11:57:35+08:00 ] ::1 /StudentManagerCenter/Public/images/cloud.png
INFO: [ app_init ] --START--
INFO: Run Behavior\BuildLiteBehavior [ RunTime:0.000029s ]
INFO: [ app_init ] --END-- [ RunTime:0.000465s ]

[ 2016-05-28T11:57:35+08:00 ] ::1 /StudentManagerCenter/Public/images/buttonbg.png
INFO: [ app_init ] --START--
INFO: Run Behavior\BuildLiteBehavior [ RunTime:0.000022s ]
INFO: [ app_init ] --END-- [ RunTime:0.000595s ]

[ 2016-05-28T12:04:06+08:00 ] ::1 /StudentManagerCenter/Public/images/cloud.png
INFO: [ app_init ] --START--
INFO: Run Behavior\BuildLiteBehavior [ RunTime:0.000019s ]
INFO: [ app_init ] --END-- [ RunTime:0.000461s ]

[ 2016-05-28T12:34:06+08:00 ] ::1 /StudentManagerCenter/Public/images/cloud.png
INFO: [ app_init ] --START--
INFO: Run Behavior\BuildLiteBehavior [ RunTime:0.000019s ]
INFO: [ app_init ] --END-- [ RunTime:0.000550s ]

[ 2016-05-28T12:34:16+08:00 ] ::1 /StudentManagerCenter/Public/images/cloud.png
INFO: [ app_init ] --START--
INFO: Run Behavior\BuildLiteBehavior [ RunTime:0.000020s ]
INFO: [ app_init ] --END-- [ RunTime:0.000481s ]

[ 2016-05-28T12:34:29+08:00 ] ::1 /StudentManagerCenter/Public/images/cloud.png
INFO: [ app_init ] --START--
INFO: Run Behavior\BuildLiteBehavior [ RunTime:0.000022s ]
INFO: [ app_init ] --END-- [ RunTime:0.000591s ]

[ 2016-05-28T12:34:35+08:00 ] ::1 /StudentManagerCenter/Public/images/cloud.png
INFO: [ app_init ] --START--
INFO: Run Behavior\BuildLiteBehavior [ RunTime:0.000013s ]
INFO: [ app_init ] --END-- [ RunTime:0.000387s ]

[ 2016-05-28T12:34:36+08:00 ] ::1 /StudentManagerCenter/Public/images/cloud.png
INFO: [ app_init ] --START--
INFO: Run Behavior\BuildLiteBehavior [ RunTime:0.000018s ]
INFO: [ app_init ] --END-- [ RunTime:0.000685s ]

[ 2016-05-28T12:34:37+08:00 ] ::1 /StudentManagerCenter/Public/images/cloud.png
INFO: [ app_init ] --START--
INFO: Run Behavior\BuildLiteBehavior [ RunTime:0.000018s ]
INFO: [ app_init ] --END-- [ RunTime:0.000519s ]

[ 2016-05-28T12:34:42+08:00 ] ::1 /StudentManagerCenter/Public/images/cloud.png
INFO: [ app_init ] --START--
INFO: Run Behavior\BuildLiteBehavior [ RunTime:0.000013s ]
INFO: [ app_init ] --END-- [ RunTime:0.000498s ]

[ 2016-05-28T12:39:02+08:00 ] ::1 /StudentManagerCenter/Public/images/cloud.png
INFO: [ app_init ] --START--
INFO: Run Behavior\BuildLiteBehavior [ RunTime:0.000018s ]
INFO: [ app_init ] --END-- [ RunTime:0.000564s ]

[ 2016-05-28T12:44:06+08:00 ] ::1 /StudentManagerCenter/Public/images/cloud.png
INFO: [ app_init ] --START--
INFO: Run Behavior\BuildLiteBehavior [ RunTime:0.000018s ]
INFO: [ app_init ] --END-- [ RunTime:0.000438s ]

[ 2016-05-28T13:02:38+08:00 ] ::1 /StudentManagerCenter/Public/images/cloud.png
INFO: [ app_init ] --START--
INFO: Run Behavior\BuildLiteBehavior [ RunTime:0.000017s ]
INFO: [ app_init ] --END-- [ RunTime:0.000470s ]

[ 2016-05-28T13:02:47+08:00 ] ::1 /StudentManagerCenter/Public/images/cloud.png
INFO: [ app_init ] --START--
INFO: Run Behavior\BuildLiteBehavior [ RunTime:0.000017s ]
INFO: [ app_init ] --END-- [ RunTime:0.000423s ]

[ 2016-05-28T13:02:53+08:00 ] ::1 /StudentManagerCenter/Public/images/cloud.png
INFO: [ app_init ] --START--
INFO: Run Behavior\BuildLiteBehavior [ RunTime:0.000031s ]
INFO: [ app_init ] --END-- [ RunTime:0.001053s ]

[ 2016-05-28T13:03:03+08:00 ] ::1 /StudentManagerCenter/Public/images/cloud.png
INFO: [ app_init ] --START--
INFO: Run Behavior\BuildLiteBehavior [ RunTime:0.000019s ]
INFO: [ app_init ] --END-- [ RunTime:0.000494s ]

[ 2016-05-28T13:08:43+08:00 ] ::1 /StudentManagerCenter/Public/images/cloud.png
INFO: [ app_init ] --START--
INFO: Run Behavior\BuildLiteBehavior [ RunTime:0.000016s ]
INFO: [ app_init ] --END-- [ RunTime:0.000496s ]

[ 2016-05-28T13:09:07+08:00 ] ::1 /StudentManagerCenter/Public/images/cloud.png
INFO: [ app_init ] --START--
INFO: Run Behavior\BuildLiteBehavior [ RunTime:0.000021s ]
INFO: [ app_init ] --END-- [ RunTime:0.000566s ]

[ 2016-05-28T13:10:52+08:00 ] ::1 /StudentManagerCenter/Public/images/cloud.png
INFO: [ app_init ] --START--
INFO: Run Behavior\BuildLiteBehavior [ RunTime:0.000022s ]
INFO: [ app_init ] --END-- [ RunTime:0.000469s ]

[ 2016-05-28T13:27:09+08:00 ] ::1 /StudentManagerCenter/Public/images/cloud.png
INFO: [ app_init ] --START--
INFO: Run Behavior\BuildLiteBehavior [ RunTime:0.000018s ]
INFO: [ app_init ] --END-- [ RunTime:0.000511s ]

[ 2016-05-28T13:36:37+08:00 ] ::1 /StudentManagerCenter/Public/images/cloud.png
INFO: [ app_init ] --START--
INFO: Run Behavior\BuildLiteBehavior [ RunTime:0.000020s ]
INFO: [ app_init ] --END-- [ RunTime:0.000491s ]

[ 2016-05-28T13:37:02+08:00 ] ::1 /StudentManagerCenter/Public/images/cloud.png
INFO: [ app_init ] --START--
INFO: Run Behavior\BuildLiteBehavior [ RunTime:0.000021s ]
INFO: [ app_init ] --END-- [ RunTime:0.000551s ]

[ 2016-05-28T13:39:07+08:00 ] ::1 /StudentManagerCenter/Public/images/cloud.png
INFO: [ app_init ] --START--
INFO: Run Behavior\BuildLiteBehavior [ RunTime:0.000019s ]
INFO: [ app_init ] --END-- [ RunTime:0.000509s ]

[ 2016-05-28T13:39:36+08:00 ] ::1 /StudentManagerCenter/Public/images/cloud.png
INFO: [ app_init ] --START--
INFO: Run Behavior\BuildLiteBehavior [ RunTime:0.000019s ]
INFO: [ app_init ] --END-- [ RunTime:0.000615s ]

[ 2016-05-28T13:41:04+08:00 ] ::1 /StudentManagerCenter/Public/images/cloud.png
INFO: [ app_init ] --START--
INFO: Run Behavior\BuildLiteBehavior [ RunTime:0.000017s ]
INFO: [ app_init ] --END-- [ RunTime:0.000500s ]

[ 2016-05-28T13:41:19+08:00 ] ::1 /StudentManagerCenter/Public/images/cloud.png
INFO: [ app_init ] --START--
INFO: Run Behavior\BuildLiteBehavior [ RunTime:0.000021s ]
INFO: [ app_init ] --END-- [ RunTime:0.000609s ]

[ 2016-05-28T13:43:10+08:00 ] ::1 /StudentManagerCenter/Public/images/cloud.png
INFO: [ app_init ] --START--
INFO: Run Behavior\BuildLiteBehavior [ RunTime:0.000019s ]
INFO: [ app_init ] --END-- [ RunTime:0.000564s ]

[ 2016-05-28T13:43:31+08:00 ] ::1 /StudentManagerCenter/Public/images/cloud.png
INFO: [ app_init ] --START--
INFO: Run Behavior\BuildLiteBehavior [ RunTime:0.000021s ]
INFO: [ app_init ] --END-- [ RunTime:0.000598s ]

[ 2016-05-28T13:44:22+08:00 ] ::1 /StudentManagerCenter/Public/images/cloud.png
INFO: [ app_init ] --START--
INFO: Run Behavior\BuildLiteBehavior [ RunTime:0.000019s ]
INFO: [ app_init ] --END-- [ RunTime:0.000452s ]

[ 2016-05-28T13:44:33+08:00 ] ::1 /StudentManagerCenter/Public/images/cloud.png
INFO: [ app_init ] --START--
INFO: Run Behavior\BuildLiteBehavior [ RunTime:0.000017s ]
INFO: [ app_init ] --END-- [ RunTime:0.000483s ]

[ 2016-05-28T13:44:45+08:00 ] ::1 /StudentManagerCenter/Public/images/cloud.png
INFO: [ app_init ] --START--
INFO: Run Behavior\BuildLiteBehavior [ RunTime:0.000018s ]
INFO: [ app_init ] --END-- [ RunTime:0.000600s ]

[ 2016-05-28T13:45:24+08:00 ] ::1 /StudentManagerCenter/Public/images/cloud.png
INFO: [ app_init ] --START--
INFO: Run Behavior\BuildLiteBehavior [ RunTime:0.000020s ]
INFO: [ app_init ] --END-- [ RunTime:0.000566s ]

[ 2016-05-28T13:45:35+08:00 ] ::1 /StudentManagerCenter/Public/images/cloud.png
INFO: [ app_init ] --START--
INFO: Run Behavior\BuildLiteBehavior [ RunTime:0.000021s ]
INFO: [ app_init ] --END-- [ RunTime:0.000594s ]

[ 2016-05-28T13:49:55+08:00 ] ::1 /StudentManagerCenter/Public/images/cloud.png
INFO: [ app_init ] --START--
INFO: Run Behavior\BuildLiteBehavior [ RunTime:0.000019s ]
INFO: [ app_init ] --END-- [ RunTime:0.000468s ]

[ 2016-05-28T13:52:04+08:00 ] ::1 /StudentManagerCenter/Public/images/cloud.png
INFO: [ app_init ] --START--
INFO: Run Behavior\BuildLiteBehavior [ RunTime:0.000019s ]
INFO: [ app_init ] --END-- [ RunTime:0.000615s ]

[ 2016-05-28T14:50:26+08:00 ] ::1 /StudentManagerCenter/Public/images/cloud.png
INFO: [ app_init ] --START--
INFO: Run Behavior\BuildLiteBehavior [ RunTime:0.000020s ]
INFO: [ app_init ] --END-- [ RunTime:0.000535s ]

[ 2016-05-28T14:51:44+08:00 ] ::1 /StudentManagerCenter/Public/images/cloud.png
INFO: [ app_init ] --START--
INFO: Run Behavior\BuildLiteBehavior [ RunTime:0.000018s ]
INFO: [ app_init ] --END-- [ RunTime:0.000607s ]

[ 2016-05-28T15:47:23+08:00 ] ::1 /StudentManagerCenter/Public/images/cloud.png
INFO: [ app_init ] --START--
INFO: Run Behavior\BuildLiteBehavior [ RunTime:0.000019s ]
INFO: [ app_init ] --END-- [ RunTime:0.000542s ]

[ 2016-05-28T15:50:45+08:00 ] ::1 /StudentManagerCenter/Public/images/cloud.png
INFO: [ app_init ] --START--
INFO: Run Behavior\BuildLiteBehavior [ RunTime:0.000019s ]
INFO: [ app_init ] --END-- [ RunTime:0.000537s ]

[ 2016-05-28T16:15:24+08:00 ] ::1 /StudentManagerCenter/Public/images/cloud.png
INFO: [ app_init ] --START--
INFO: Run Behavior\BuildLiteBehavior [ RunTime:0.000021s ]
INFO: [ app_init ] --END-- [ RunTime:0.000551s ]

[ 2016-05-28T16:54:59+08:00 ] ::1 /StudentManagerCenter/Public/images/cloud.png
INFO: [ app_init ] --START--
INFO: Run Behavior\BuildLiteBehavior [ RunTime:0.000013s ]
INFO: [ app_init ] --END-- [ RunTime:0.000354s ]

[ 2016-05-28T17:11:42+08:00 ] ::1 /StudentManagerCenter/Public/images/cloud.png
INFO: [ app_init ] --START--
INFO: Run Behavior\BuildLiteBehavior [ RunTime:0.000019s ]
INFO: [ app_init ] --END-- [ RunTime:0.000458s ]

[ 2016-05-28T17:31:13+08:00 ] ::1 /StudentManagerCenter/Public/images/cloud.png
INFO: [ app_init ] --START--
INFO: Run Behavior\BuildLiteBehavior [ RunTime:0.000020s ]
INFO: [ app_init ] --END-- [ RunTime:0.000477s ]

[ 2016-05-28T17:31:15+08:00 ] ::1 /StudentManagerCenter/Public/images/cloud.png
INFO: [ app_init ] --START--
INFO: Run Behavior\BuildLiteBehavior [ RunTime:0.000014s ]
INFO: [ app_init ] --END-- [ RunTime:0.000402s ]

[ 2016-05-28T17:31:29+08:00 ] ::1 /StudentManagerCenter/Public/images/cloud.png
INFO: [ app_init ] --START--
INFO: Run Behavior\BuildLiteBehavior [ RunTime:0.000030s ]
INFO: [ app_init ] --END-- [ RunTime:0.000830s ]

[ 2016-05-28T17:31:31+08:00 ] ::1 /StudentManagerCenter/Public/images/cloud.png
INFO: [ app_init ] --START--
INFO: Run Behavior\BuildLiteBehavior [ RunTime:0.000017s ]
INFO: [ app_init ] --END-- [ RunTime:0.000556s ]

[ 2016-05-28T17:31:48+08:00 ] ::1 /StudentManagerCenter/Public/images/cloud.png
INFO: [ app_init ] --START--
INFO: Run Behavior\BuildLiteBehavior [ RunTime:0.000021s ]
INFO: [ app_init ] --END-- [ RunTime:0.000600s ]

[ 2016-05-28T17:31:50+08:00 ] ::1 /StudentManagerCenter/Public/images/cloud.png
INFO: [ app_init ] --START--
INFO: Run Behavior\BuildLiteBehavior [ RunTime:0.000021s ]
INFO: [ app_init ] --END-- [ RunTime:0.000560s ]

[ 2016-05-28T17:32:00+08:00 ] ::1 /StudentManagerCenter/Public/images/cloud.png
INFO: [ app_init ] --START--
INFO: Run Behavior\BuildLiteBehavior [ RunTime:0.000018s ]
INFO: [ app_init ] --END-- [ RunTime:0.000449s ]

[ 2016-05-28T17:32:02+08:00 ] ::1 /StudentManagerCenter/Public/images/cloud.png
INFO: [ app_init ] --START--
INFO: Run Behavior\BuildLiteBehavior [ RunTime:0.000016s ]
INFO: [ app_init ] --END-- [ RunTime:0.000412s ]

[ 2016-05-28T17:33:43+08:00 ] ::1 /StudentManagerCenter/Public/images/cloud.png
INFO: [ app_init ] --START--
INFO: Run Behavior\BuildLiteBehavior [ RunTime:0.000026s ]
INFO: [ app_init ] --END-- [ RunTime:0.000625s ]

[ 2016-05-28T17:35:14+08:00 ] ::1 /StudentManagerCenter/Public/images/cloud.png
INFO: [ app_init ] --START--
INFO: Run Behavior\BuildLiteBehavior [ RunTime:0.000019s ]
INFO: [ app_init ] --END-- [ RunTime:0.000562s ]

[ 2016-05-28T17:36:22+08:00 ] ::1 /StudentManagerCenter/Public/images/cloud.png
INFO: [ app_init ] --START--
INFO: Run Behavior\BuildLiteBehavior [ RunTime:0.000021s ]
INFO: [ app_init ] --END-- [ RunTime:0.000582s ]

[ 2016-05-28T17:40:22+08:00 ] ::1 /StudentManagerCenter/Public/images/cloud.png
INFO: [ app_init ] --START--
INFO: Run Behavior\BuildLiteBehavior [ RunTime:0.000018s ]
INFO: [ app_init ] --END-- [ RunTime:0.000487s ]

[ 2016-05-28T17:41:24+08:00 ] ::1 /StudentManagerCenter/Public/images/cloud.png
INFO: [ app_init ] --START--
INFO: Run Behavior\BuildLiteBehavior [ RunTime:0.000022s ]
INFO: [ app_init ] --END-- [ RunTime:0.000579s ]

[ 2016-05-28T17:41:33+08:00 ] ::1 /StudentManagerCenter/Public/images/cloud.png
INFO: [ app_init ] --START--
INFO: Run Behavior\BuildLiteBehavior [ RunTime:0.000018s ]
INFO: [ app_init ] --END-- [ RunTime:0.000518s ]

[ 2016-05-28T17:42:08+08:00 ] ::1 /StudentManagerCenter/Public/images/cloud.png
INFO: [ app_init ] --START--
INFO: Run Behavior\BuildLiteBehavior [ RunTime:0.000012s ]
INFO: [ app_init ] --END-- [ RunTime:0.000307s ]

[ 2016-05-28T17:42:42+08:00 ] ::1 /StudentManagerCenter/Public/images/cloud.png
INFO: [ app_init ] --START--
INFO: Run Behavior\BuildLiteBehavior [ RunTime:0.000017s ]
INFO: [ app_init ] --END-- [ RunTime:0.000498s ]

[ 2016-05-28T17:51:56+08:00 ] ::1 /StudentManagerCenter/Public/images/cloud.png
INFO: [ app_init ] --START--
INFO: Run Behavior\BuildLiteBehavior [ RunTime:0.000019s ]
INFO: [ app_init ] --END-- [ RunTime:0.000467s ]

[ 2016-05-28T17:58:30+08:00 ] ::1 /StudentManagerCenter/Public/images/cloud.png
INFO: [ app_init ] --START--
INFO: Run Behavior\BuildLiteBehavior [ RunTime:0.000019s ]
INFO: [ app_init ] --END-- [ RunTime:0.000519s ]

